2008.11.11 21:33 B D:\Appserv\www\Clases, funciones generales\simplepie\ejemplo.php --> ftp.lawebdelprofe.com /examples.lawebdelprofe.com/simplepie ejemplo.php
2008.11.11 21:33 B D:\Appserv\www\Clases, funciones generales\simplepie\ejemplo2.php --> ftp.lawebdelprofe.com /examples.lawebdelprofe.com/simplepie ejemplo2.php
2008.11.11 21:33 B D:\Appserv\www\Clases, funciones generales\simplepie\simplepie_yahoo_weather.inc --> ftp.lawebdelprofe.com /examples.lawebdelprofe.com/simplepie simplepie_yahoo_weather.inc
2008.11.11 21:34 B D:\Appserv\www\Clases, funciones generales\simplepie\ejemplo2.php --> ftp.lawebdelprofe.com /examples.lawebdelprofe.com/simplepie ejemplo2.php
2008.11.11 21:36 B D:\Appserv\www\Clases, funciones generales\simplepie\ejemplo.php --> ftp.lawebdelprofe.com /examples.lawebdelprofe.com/simplepie ejemplo.php
2008.11.11 21:36 B D:\Appserv\www\Clases, funciones generales\simplepie\ejemplo2.php --> ftp.lawebdelprofe.com /examples.lawebdelprofe.com/simplepie ejemplo2.php
2008.11.11 21:37 B D:\Appserv\www\Clases, funciones generales\simplepie\ejemplo2.php --> ftp.lawebdelprofe.com /examples.lawebdelprofe.com/simplepie ejemplo2.php
2008.11.11 21:38 B D:\Appserv\www\Clases, funciones generales\simplepie\ejemplo.php --> ftp.lawebdelprofe.com /examples.lawebdelprofe.com/simplepie ejemplo.php
2008.11.11 21:38 B D:\Appserv\www\Clases, funciones generales\simplepie\ejemplo.php --> ftp.lawebdelprofe.com /examples.lawebdelprofe.com/simplepie ejemplo.php
2008.11.11 21:45 B D:\Appserv\www\Clases, funciones generales\simplepie\ejemplo2.php --> ftp.lawebdelprofe.com /examples.lawebdelprofe.com/simplepie ejemplo2.php
2008.11.11 21:51 B D:\Appserv\www\Clases, funciones generales\simplepie\iconn.png --> ftp.lawebdelprofe.com /examples.lawebdelprofe.com/simplepie iconn.png
2008.11.11 21:51 B D:\Appserv\www\Clases, funciones generales\simplepie\icond.png --> ftp.lawebdelprofe.com /examples.lawebdelprofe.com/simplepie icond.png
2008.11.11 21:54 B D:\Appserv\www\Clases, funciones generales\simplepie\ejemplo2.php --> ftp.lawebdelprofe.com /examples.lawebdelprofe.com/simplepie ejemplo2.php
2008.11.11 21:54 B D:\Appserv\www\Clases, funciones generales\simplepie\ejemplo2.php --> ftp.lawebdelprofe.com /examples.lawebdelprofe.com/simplepie ejemplo2.php
2008.11.11 21:55 B D:\Appserv\www\Clases, funciones generales\simplepie\ejemplo2.php --> ftp.lawebdelprofe.com /examples.lawebdelprofe.com/simplepie ejemplo2.php
2008.11.11 21:59 B D:\Appserv\www\Clases, funciones generales\simplepie\ejemplo2.php --> ftp.lawebdelprofe.com /examples.lawebdelprofe.com/simplepie ejemplo2.php
2008.11.11 21:59 B D:\Appserv\www\Clases, funciones generales\simplepie\ejemplo2.php --> ftp.lawebdelprofe.com /examples.lawebdelprofe.com/simplepie ejemplo2.php
2008.11.11 22:01 B D:\Appserv\www\Clases, funciones generales\simplepie\ejemplo2.php --> ftp.lawebdelprofe.com /examples.lawebdelprofe.com/simplepie ejemplo2.php
2008.11.11 22:01 B D:\Appserv\www\Clases, funciones generales\simplepie\ejemplo2.php --> ftp.lawebdelprofe.com /examples.lawebdelprofe.com/simplepie ejemplo2.php
2008.11.11 22:09 B D:\Appserv\www\Clases, funciones generales\simplepie\ejemplo.php --> ftp.lawebdelprofe.com /examples.lawebdelprofe.com/simplepie ejemplo.php
