2008.11.11 21:31 B D:\Appserv\www\Clases, funciones generales\simplepie\SimplePie 1.1.1\demo\for_the_demo\alternate_favicon.png --> ftp.lawebdelprofe.com /examples.lawebdelprofe.com/simplepie/SimplePie 1.1.1/demo/for_the_demo alternate_favicon.png
2008.11.11 21:31 B D:\Appserv\www\Clases, funciones generales\simplepie\SimplePie 1.1.1\demo\for_the_demo\background_blockquote.png --> ftp.lawebdelprofe.com /examples.lawebdelprofe.com/simplepie/SimplePie 1.1.1/demo/for_the_demo background_blockquote.png
2008.11.11 21:31 B D:\Appserv\www\Clases, funciones generales\simplepie\SimplePie 1.1.1\demo\for_the_demo\background_menuitem.gif --> ftp.lawebdelprofe.com /examples.lawebdelprofe.com/simplepie/SimplePie 1.1.1/demo/for_the_demo background_menuitem.gif
2008.11.11 21:31 B D:\Appserv\www\Clases, funciones generales\simplepie\SimplePie 1.1.1\demo\for_the_demo\background_menuitem_off.gif --> ftp.lawebdelprofe.com /examples.lawebdelprofe.com/simplepie/SimplePie 1.1.1/demo/for_the_demo background_menuitem_off.gif
2008.11.11 21:31 B D:\Appserv\www\Clases, funciones generales\simplepie\SimplePie 1.1.1\demo\for_the_demo\background_menuitem_shadow.gif --> ftp.lawebdelprofe.com /examples.lawebdelprofe.com/simplepie/SimplePie 1.1.1/demo/for_the_demo background_menuitem_shadow.gif
2008.11.11 21:31 B D:\Appserv\www\Clases, funciones generales\simplepie\SimplePie 1.1.1\demo\for_the_demo\feed.png --> ftp.lawebdelprofe.com /examples.lawebdelprofe.com/simplepie/SimplePie 1.1.1/demo/for_the_demo feed.png
2008.11.11 21:31 B D:\Appserv\www\Clases, funciones generales\simplepie\SimplePie 1.1.1\demo\for_the_demo\logo_simplepie_demo.png --> ftp.lawebdelprofe.com /examples.lawebdelprofe.com/simplepie/SimplePie 1.1.1/demo/for_the_demo logo_simplepie_demo.png
2008.11.11 21:31 B D:\Appserv\www\Clases, funciones generales\simplepie\SimplePie 1.1.1\demo\for_the_demo\lucida-grande-bold.swf --> ftp.lawebdelprofe.com /examples.lawebdelprofe.com/simplepie/SimplePie 1.1.1/demo/for_the_demo lucida-grande-bold.swf
2008.11.11 21:31 B D:\Appserv\www\Clases, funciones generales\simplepie\SimplePie 1.1.1\demo\for_the_demo\mediaplayer.swf --> ftp.lawebdelprofe.com /examples.lawebdelprofe.com/simplepie/SimplePie 1.1.1/demo/for_the_demo mediaplayer.swf
2008.11.11 21:31 B D:\Appserv\www\Clases, funciones generales\simplepie\SimplePie 1.1.1\demo\for_the_demo\mediaplayer_readme.htm --> ftp.lawebdelprofe.com /examples.lawebdelprofe.com/simplepie/SimplePie 1.1.1/demo/for_the_demo mediaplayer_readme.htm
2008.11.11 21:31 B D:\Appserv\www\Clases, funciones generales\simplepie\SimplePie 1.1.1\demo\for_the_demo\mini_podcast.png --> ftp.lawebdelprofe.com /examples.lawebdelprofe.com/simplepie/SimplePie 1.1.1/demo/for_the_demo mini_podcast.png
2008.11.11 21:31 B D:\Appserv\www\Clases, funciones generales\simplepie\SimplePie 1.1.1\demo\for_the_demo\place_audio.png --> ftp.lawebdelprofe.com /examples.lawebdelprofe.com/simplepie/SimplePie 1.1.1/demo/for_the_demo place_audio.png
2008.11.11 21:31 B D:\Appserv\www\Clases, funciones generales\simplepie\SimplePie 1.1.1\demo\for_the_demo\place_video.png --> ftp.lawebdelprofe.com /examples.lawebdelprofe.com/simplepie/SimplePie 1.1.1/demo/for_the_demo place_video.png
2008.11.11 21:31 B D:\Appserv\www\Clases, funciones generales\simplepie\SimplePie 1.1.1\demo\for_the_demo\sifr-config.js --> ftp.lawebdelprofe.com /examples.lawebdelprofe.com/simplepie/SimplePie 1.1.1/demo/for_the_demo sifr-config.js
2008.11.11 21:31 B D:\Appserv\www\Clases, funciones generales\simplepie\SimplePie 1.1.1\demo\for_the_demo\sIFR-print.css --> ftp.lawebdelprofe.com /examples.lawebdelprofe.com/simplepie/SimplePie 1.1.1/demo/for_the_demo sIFR-print.css
2008.11.11 21:31 B D:\Appserv\www\Clases, funciones generales\simplepie\SimplePie 1.1.1\demo\for_the_demo\sIFR-screen.css --> ftp.lawebdelprofe.com /examples.lawebdelprofe.com/simplepie/SimplePie 1.1.1/demo/for_the_demo sIFR-screen.css
2008.11.11 21:32 B D:\Appserv\www\Clases, funciones generales\simplepie\SimplePie 1.1.1\demo\for_the_demo\sifr.js --> ftp.lawebdelprofe.com /examples.lawebdelprofe.com/simplepie/SimplePie 1.1.1/demo/for_the_demo sifr.js
2008.11.11 21:32 B D:\Appserv\www\Clases, funciones generales\simplepie\SimplePie 1.1.1\demo\for_the_demo\simplepie.css --> ftp.lawebdelprofe.com /examples.lawebdelprofe.com/simplepie/SimplePie 1.1.1/demo/for_the_demo simplepie.css
2008.11.11 21:32 B D:\Appserv\www\Clases, funciones generales\simplepie\SimplePie 1.1.1\demo\for_the_demo\sleight.js --> ftp.lawebdelprofe.com /examples.lawebdelprofe.com/simplepie/SimplePie 1.1.1/demo/for_the_demo sleight.js
2008.11.11 21:32 B D:\Appserv\www\Clases, funciones generales\simplepie\SimplePie 1.1.1\demo\for_the_demo\top_gradient.gif --> ftp.lawebdelprofe.com /examples.lawebdelprofe.com/simplepie/SimplePie 1.1.1/demo/for_the_demo top_gradient.gif
2008.11.11 21:32 B D:\Appserv\www\Clases, funciones generales\simplepie\SimplePie 1.1.1\demo\for_the_demo\verdana.swf --> ftp.lawebdelprofe.com /examples.lawebdelprofe.com/simplepie/SimplePie 1.1.1/demo/for_the_demo verdana.swf
2008.11.11 21:32 B D:\Appserv\www\Clases, funciones generales\simplepie\SimplePie 1.1.1\demo\for_the_demo\yanone-kaffeesatz-bold.swf --> ftp.lawebdelprofe.com /examples.lawebdelprofe.com/simplepie/SimplePie 1.1.1/demo/for_the_demo yanone-kaffeesatz-bold.swf
